ERROR - 2024-05-04 10:29:08 --> mysqli_sql_exception: Table 'sql_talha_logon_.crm_project' doesn't exist in /www/wwwroot/talha_logon/API/system/Database/MySQLi/Connection.php:308
Stack trace:
#0 /www/wwwroot/talha_logon/API/system/Database/MySQLi/Connection.php(308): mysqli->query()
#1 /www/wwwroot/talha_logon/API/system/Database/BaseConnection.php(722): CodeIgniter\Database\MySQLi\Connection->execute()
#2 /www/wwwroot/talha_logon/API/system/Database/BaseConnection.php(636): CodeIgniter\Database\BaseConnection->simpleQuery()
#3 /www/wwwroot/talha_logon/API/system/Database/BaseBuilder.php(1629): CodeIgniter\Database\BaseConnection->query()
#4 /www/wwwroot/talha_logon/API/app/Controllers/Project.php(47): CodeIgniter\Database\BaseBuilder->get()
#5 /www/wwwroot/talha_logon/API/system/CodeIgniter.php(933): App\Controllers\Project->index()
#6 /www/wwwroot/talha_logon/API/system/CodeIgniter.php(509): CodeIgniter\CodeIgniter->runController()
#7 /www/wwwroot/talha_logon/API/system/CodeIgniter.php(355): CodeIgniter\CodeIgniter->handleRequest()
#8 /www/wwwroot/talha_logon/API/system/Boot.php(312): CodeIgniter\CodeIgniter->run()
#9 /www/wwwroot/talha_logon/API/system/Boot.php(67): CodeIgniter\Boot::runCodeIgniter()
#10 /www/wwwroot/talha_logon/API/public/index.php(56): CodeIgniter\Boot::bootWeb()
#11 {main}
CRITICAL - 2024-05-04 10:29:08 --> CodeIgniter\Database\Exceptions\DatabaseException: Table 'sql_talha_logon_.crm_project' doesn't exist
[Method: GET, Route: project]
in SYSTEMPATH/Database/BaseConnection.php on line 676.
 1 SYSTEMPATH/Database/BaseBuilder.php(1629): CodeIgniter\Database\BaseConnection->query()
 2 APPPATH/Controllers/Project.php(47): CodeIgniter\Database\BaseBuilder->get()
 3 SYSTEMPATH/CodeIgniter.php(933): App\Controllers\Project->index()
 4 SYSTEMPATH/CodeIgniter.php(509): CodeIgniter\CodeIgniter->runController()
 5 SYSTEMPATH/CodeIgniter.php(355): CodeIgniter\CodeIgniter->handleRequest()
 6 SYSTEMPATH/Boot.php(312): CodeIgniter\CodeIgniter->run()
 7 SYSTEMPATH/Boot.php(67): CodeIgniter\Boot::runCodeIgniter()
 8 FCPATH/index.php(56): CodeIgniter\Boot::bootWeb()
CRITICAL - 2024-05-04 10:29:08 --> [Caused by] CodeIgniter\Database\Exceptions\DatabaseException: Table 'sql_talha_logon_.crm_project' doesn't exist
in SYSTEMPATH/Database/MySQLi/Connection.php on line 313.
 1 SYSTEMPATH/Database/BaseConnection.php(722): CodeIgniter\Database\MySQLi\Connection->execute()
 2 SYSTEMPATH/Database/BaseConnection.php(636): CodeIgniter\Database\BaseConnection->simpleQuery()
 3 SYSTEMPATH/Database/BaseBuilder.php(1629): CodeIgniter\Database\BaseConnection->query()
 4 APPPATH/Controllers/Project.php(47): CodeIgniter\Database\BaseBuilder->get()
 5 SYSTEMPATH/CodeIgniter.php(933): App\Controllers\Project->index()
 6 SYSTEMPATH/CodeIgniter.php(509): CodeIgniter\CodeIgniter->runController()
 7 SYSTEMPATH/CodeIgniter.php(355): CodeIgniter\CodeIgniter->handleRequest()
 8 SYSTEMPATH/Boot.php(312): CodeIgniter\CodeIgniter->run()
 9 SYSTEMPATH/Boot.php(67): CodeIgniter\Boot::runCodeIgniter()
10 FCPATH/index.php(56): CodeIgniter\Boot::bootWeb()
CRITICAL - 2024-05-04 10:29:08 --> [Caused by] mysqli_sql_exception: Table 'sql_talha_logon_.crm_project' doesn't exist
in SYSTEMPATH/Database/MySQLi/Connection.php on line 308.
 1 SYSTEMPATH/Database/MySQLi/Connection.php(308): mysqli->query()
 2 SYSTEMPATH/Database/BaseConnection.php(722): CodeIgniter\Database\MySQLi\Connection->execute()
 3 SYSTEMPATH/Database/BaseConnection.php(636): CodeIgniter\Database\BaseConnection->simpleQuery()
 4 SYSTEMPATH/Database/BaseBuilder.php(1629): CodeIgniter\Database\BaseConnection->query()
 5 APPPATH/Controllers/Project.php(47): CodeIgniter\Database\BaseBuilder->get()
 6 SYSTEMPATH/CodeIgniter.php(933): App\Controllers\Project->index()
 7 SYSTEMPATH/CodeIgniter.php(509): CodeIgniter\CodeIgniter->runController()
 8 SYSTEMPATH/CodeIgniter.php(355): CodeIgniter\CodeIgniter->handleRequest()
 9 SYSTEMPATH/Boot.php(312): CodeIgniter\CodeIgniter->run()
10 SYSTEMPATH/Boot.php(67): CodeIgniter\Boot::runCodeIgniter()
11 FCPATH/index.php(56): CodeIgniter\Boot::bootWeb()
